<?xml version="1.0" encoding="UTF-8"?>
<!-- Generated by org.testng.reporters.JUnitReportReporter -->
<testsuite hostname="DESKTOP-VLJ52V9" failures="0" tests="1" name="Actime_Text.Acttime_Text" time="16.765" errors="0" timestamp="2022-09-07T11:59:20 IST" skipped="0">
  <testcase classname="Actime_Text.Acttime_Text" name="verifyuserID" time="16.765"/>
  <system-out/>
</testsuite> <!-- Actime_Text.Acttime_Text -->
