<?xml version="1.0" encoding="UTF-8"?>
<!-- Generated by org.testng.reporters.JUnitReportReporter -->
<testsuite hostname="DESKTOP-VLJ52V9" failures="0" tests="1" name="Kite_Text.Kite_Text" time="11.383" errors="0" timestamp="2022-09-06T22:30:54 IST" skipped="0">
  <testcase classname="Kite_Text.Kite_Text" name="verifyuserID" time="11.383"/>
  <system-out>
    <![CDATA[Running verifyuserID]]>
  </system-out>
</testsuite> <!-- Kite_Text.Kite_Text -->
